configure: netCDF 3.6.3
checking build system type... i386-apple-darwin20.4.0
checking host system type... i386-apple-darwin20.4.0
checking for a BSD-compatible install... /usr/bin/install -c
checking whether build environment is sane... yes
checking for a thread-safe mkdir -p... ./install-sh -c -d
checking for gawk... no
checking for mawk... no
checking for nawk... no
checking for awk... awk
checking whether make sets $(MAKE)... yes
configure: checking user options
checking whether CXX is set to ''... yes
checking whether FC is set to ''... yes
checking whether F90 is set to ''... no
checking whether this is a netCDF-4.x build... no
checking whether netCDF extra tests should be run (developers only)... no
checking whether documentation is to be installed... no
checking whether Fortran compiler(s) should be tested during configure... yes
checking whether configure should try to set compiler flags... yes
checking whether FFIO will be used... no
checking whether to skip C++, F77, or F90 APIs if compiler is broken... yes
checking whether only the C library is desired... no
checking whether examples should be built... yes
checking whether F77 API is desired... no
checking whether F90 API is desired... no
checking whether fortran type sizes should be checked... yes
checking whether C API is desired... yes
checking where to get netCDF C-only library for separate fortran libraries... 
checking whether CXX API is desired... no
checking whether v2 netCDF API should be built... yes
checking whether the ncgen/ncdump should be built... yes
checking whether large file (> 2GB) tests should be run... no
checking whether benchmaks should be run (experimental)... no
checking whether extreme numbers should be used in tests... yes
checking where to put large temp files if large file tests are run... .
checking whether a win32 DLL is desired... no
checking whether separate fortran libs are desired... no
configure: finding C compiler
checking for C compiler default output file name... a.out
checking whether the C compiler works... yes
checking whether we are cross compiling... no
checking for suffix of executables... 
checking for suffix of object files... o
checking whether we are using the GNU C compiler... yes
checking whether /usr/bin/cc accepts -g... yes
checking for /usr/bin/cc option to accept ISO C89... none needed
checking for style of include used by make... GNU
checking dependency style of /usr/bin/cc... gcc3
checking whether /usr/bin/cc and cc understand -c and -o together... yes
checking for an ANSI C-conforming const... yes
configure: finding Fortran compiler (will not be used if Fortran API is not desired)
checking for xlf90... no
checking for fort... no
checking for xlf95... no
checking for ifort... no
checking for ifc... no
checking for efc... no
checking for pgf95... no
checking for lf95... no
checking for gfortran... gfortran
checking whether we are using the GNU Fortran compiler... yes
checking whether gfortran accepts -g... yes
checking for xlf... no
checking for fort... no
checking for xlf95... no
checking for ifort... no
checking for ifc... no
checking for efc... no
checking for pgf77... no
checking for lf95... no
checking for gfortran... gfortran
checking whether we are using the GNU Fortran 77 compiler... yes
checking whether gfortran accepts -g... yes
configure: finding C++ compiler (will not be used if C++ API is not desired)
checking for g++... g++
checking whether we are using the GNU C++ compiler... yes
checking whether g++ accepts -g... yes
checking dependency style of g++... gcc3
configure: setting up libtool
checking for a sed that does not truncate output... /usr/bin/sed
checking for grep that handles long lines and -e... /usr/bin/grep
checking for egrep... /usr/bin/grep -E
checking for fgrep... /usr/bin/grep -F
checking for ld used by /usr/bin/cc... /Applications/Xcode.app/Contents/Developer/Toolchains/XcodeDefault.xctoolchain/usr/bin/ld
checking if the linker (/Applications/Xcode.app/Contents/Developer/Toolchains/XcodeDefault.xctoolchain/usr/bin/ld) is GNU ld... no
checking for BSD- or MS-compatible name lister (nm)... /usr/bin/nm -B
checking the name lister (/usr/bin/nm -B) interface... BSD nm
checking whether ln -s works... yes
checking the maximum length of command line arguments... 786432
checking whether the shell understands some XSI constructs... yes
checking whether the shell understands "+="... yes
checking for /Applications/Xcode.app/Contents/Developer/Toolchains/XcodeDefault.xctoolchain/usr/bin/ld option to reload object files... -r
checking how to recognize dependent libraries... pass_all
checking for ar... ar
checking for strip... strip
checking for ranlib... ranlib
checking command to parse /usr/bin/nm -B output from /usr/bin/cc object... ok
checking for dsymutil... dsymutil
checking for nmedit... nmedit
checking for -single_module linker flag... yes
checking for -exported_symbols_list linker flag... yes
checking how to run the C preprocessor... /usr/bin/cc -E
checking for ANSI C header files... yes
checking for sys/types.h... yes
checking for sys/stat.h... yes
checking for stdlib.h... yes
checking for string.h... yes
checking for memory.h... yes
checking for strings.h... yes
checking for inttypes.h... yes
checking for stdint.h... yes
checking for unistd.h... yes
checking for dlfcn.h... yes
checking whether we are using the GNU C++ compiler... (cached) yes
checking whether g++ accepts -g... (cached) yes
checking dependency style of g++... (cached) gcc3
checking how to run the C++ preprocessor... g++ -E
checking whether we are using the GNU Fortran 77 compiler... (cached) yes
checking whether gfortran accepts -g... (cached) yes
checking whether we are using the GNU Fortran compiler... (cached) yes
checking whether gfortran accepts -g... (cached) yes
checking for objdir... .libs
checking if /usr/bin/cc supports -fno-rtti -fno-exceptions... yes
checking for /usr/bin/cc option to produce PIC... -fno-common -DPIC
checking if /usr/bin/cc PIC flag -fno-common -DPIC works... yes
checking if /usr/bin/cc static flag -static works... no
checking if /usr/bin/cc supports -c -o file.o... yes
checking if /usr/bin/cc supports -c -o file.o... (cached) yes
checking whether the /usr/bin/cc linker (/Applications/Xcode.app/Contents/Developer/Toolchains/XcodeDefault.xctoolchain/usr/bin/ld) supports shared libraries... yes
checking dynamic linker characteristics... darwin20.4.0 dyld
checking how to hardcode library paths into programs... immediate
checking whether stripping libraries is possible... yes
checking if libtool supports shared libraries... yes
checking whether to build shared libraries... no
checking whether to build static libraries... yes
checking for ld used by g++... /Applications/Xcode.app/Contents/Developer/Toolchains/XcodeDefault.xctoolchain/usr/bin/ld
checking if the linker (/Applications/Xcode.app/Contents/Developer/Toolchains/XcodeDefault.xctoolchain/usr/bin/ld) is GNU ld... no
checking whether the g++ linker (/Applications/Xcode.app/Contents/Developer/Toolchains/XcodeDefault.xctoolchain/usr/bin/ld) supports shared libraries... yes
checking for g++ option to produce PIC... -fno-common -DPIC
checking if g++ PIC flag -fno-common -DPIC works... yes
checking if g++ static flag -static works... no
checking if g++ supports -c -o file.o... yes
checking if g++ supports -c -o file.o... (cached) yes
checking whether the g++ linker (/Applications/Xcode.app/Contents/Developer/Toolchains/XcodeDefault.xctoolchain/usr/bin/ld) supports shared libraries... yes
checking dynamic linker characteristics... darwin20.4.0 dyld
checking how to hardcode library paths into programs... immediate
checking if libtool supports shared libraries... yes
checking whether to build shared libraries... no
checking whether to build static libraries... yes
checking for gfortran option to produce PIC... -fno-common
checking if gfortran PIC flag -fno-common works... yes
checking if gfortran static flag -static works... no
checking if gfortran supports -c -o file.o... yes
checking if gfortran supports -c -o file.o... (cached) yes
checking whether the gfortran linker (/Applications/Xcode.app/Contents/Developer/Toolchains/XcodeDefault.xctoolchain/usr/bin/ld) supports shared libraries... yes
checking dynamic linker characteristics... darwin20.4.0 dyld
checking how to hardcode library paths into programs... immediate
checking if libtool supports shared libraries... yes
checking whether to build shared libraries... no
checking whether to build static libraries... yes
checking for gfortran option to produce PIC... -fno-common
checking if gfortran PIC flag -fno-common works... yes
checking if gfortran static flag -static works... no
checking if gfortran supports -c -o file.o... yes
checking if gfortran supports -c -o file.o... (cached) yes
checking whether the gfortran linker (/Applications/Xcode.app/Contents/Developer/Toolchains/XcodeDefault.xctoolchain/usr/bin/ld) supports shared libraries... yes
checking dynamic linker characteristics... darwin20.4.0 dyld
checking how to hardcode library paths into programs... immediate
configure: finding other utilities
checking for a BSD-compatible install... /usr/bin/install -c
configure: trying to set flags for this platform
checking if _HPUX_SOURCE should be set... no
checking if Solaris -Xa option is needed... CFLAGS=-g -O2
checking if we need to set _LARGE_FILES despite results of previous tests... _LARGE_FILES=
checking for special C compiler options needed for large files... no
checking for _FILE_OFFSET_BITS value needed for large files... no
configure: displaying some results
checking CPPFLAGS... 
checking CC CFLAGS... /usr/bin/cc -g -O2
checking type /usr/bin/cc... /usr/bin/cc is /usr/bin/cc
checking CXX... g++
checking CXXFLAGS... -g -O2
checking type g++... g++ is /usr/bin/g++
checking FC... gfortran
checking FFLAGS... -g -O2
checking type gfortran... gfortran is /usr/local/bin/gfortran
checking F90... unset
checking AR... ar
checking AR_FLAGS... cru
checking type ar... ar is /usr/bin/ar
checking NM... /usr/bin/nm -B
checking NMFLAGS... 
configure: checking types, headers, and functions
checking for stdlib.h... (cached) yes
checking for sys/types.h... (cached) yes
checking for stdbool.h that conforms to C99... yes
checking for _Bool... yes
checking for strlcat... yes
checking for strerror... yes
checking for working alloca.h... yes
checking for alloca... yes
checking whether isnan is declared... yes
checking whether isinf is declared... yes
checking whether isfinite is declared... yes
checking whether signbit is declared... yes
checking for struct stat.st_blksize... yes
checking for IEEE floating point format... yes
checking for size_t... yes
checking for off_t... yes
checking for ssize_t... yes
checking for ptrdiff_t... yes
checking for uchar... no
checking whether char is unsigned... no
checking whether byte ordering is bigendian... universal
checking size of short... 2
checking size of int... 4
checking size of long... 8
checking size of float... 4
checking size of double... 8
checking size of off_t... 8
checking size of size_t... 8
checking for catman... no
checking for makewhatis... no
checking for /usr/lib/makewhatis... no
checking for manual-page index command... 
checking what to call the output of the ftpbin target... binary-netcdf-3.6.3_nc3.tar gfortran g++
checking binary distribution directory... /home/ftp/pub/binary/dummy_system
checking for gawk... (cached) awk
checking for flex... flex
checking lex output file root... lex.yy
checking lex library... -ll
checking whether yytext is a pointer... yes
checking whether ln -s works... yes
checking whether make sets $(MAKE)... (cached) yes
configure: generating header files and makefiles
configure: creating ./config.status
config.status: creating Makefile
config.status: creating man/Makefile
config.status: creating man4/Makefile
config.status: creating fortran/Makefile
config.status: creating libsrc/Makefile
config.status: creating libsrc4/Makefile
config.status: creating nctest/Makefile
config.status: creating nc_test4/Makefile
config.status: creating nc_test/Makefile
config.status: creating ncdump/Makefile
config.status: creating ncgen/Makefile
config.status: creating nf_test/Makefile
config.status: creating cxx/Makefile
config.status: creating cxx4/Makefile
config.status: creating f90/Makefile
config.status: creating examples/Makefile
config.status: creating examples/C/Makefile
config.status: creating examples/CDL/Makefile
config.status: creating examples/CXX/Makefile
config.status: creating examples/CXX4/Makefile
config.status: creating examples/F90/Makefile
config.status: creating examples/F77/Makefile
config.status: creating win32/Makefile
config.status: creating win32/NET/Makefile
config.status: creating win32/NET/libsrc/Makefile
config.status: creating win32/NET/ncdump/Makefile
config.status: creating win32/NET/ncgen/Makefile
config.status: creating win32/NET/examples/Makefile
config.status: creating win32/NET/nctest/Makefile
config.status: creating win32/NET/nc_test/Makefile
config.status: creating config.h
config.status: creating fortran/nfconfig1.inc
config.status: executing depfiles commands
config.status: executing libtool commands
